<?xml version="1.0" encoding="UTF-8"?>
<!-- Generated by org.testng.reporters.JUnitReportReporter -->
<testsuite skipped="0" hostname="balajis-mbp" name="com.google.test.DemoTest" tests="4" failures="0" timestamp="2020-01-31T21:55:49 IST" time="4.933" errors="0">
  <testcase name="invalid" time="1.283" classname="com.google.test.DemoTest"/>
  <system-out/>
  <testcase name="invalid" time="1.027" classname="com.google.test.DemoTest"/>
  <system-out/>
  <testcase name="invalid" time="1.108" classname="com.google.test.DemoTest"/>
  <system-out/>
  <testcase name="invalid" time="1.515" classname="com.google.test.DemoTest"/>
  <system-out/>
</testsuite> <!-- com.google.test.DemoTest -->
